2024-10-17 21:10:12 INFO  Utils:112 - [TestNG] Running:
  C:\Users\sangram.magdum\Desktop\New folder\HybridFrameWork\openCart\crossbrowsertesting.xml

2024-10-17 21:10:33 INFO  login_DataDriven:22 - ***** stating login_DataDriven ******
2024-10-17 21:10:37 INFO  login_DataDriven:64 - ***** Finished login_DataDriven ******
2024-10-17 21:10:37 INFO  login_DataDriven:22 - ***** stating login_DataDriven ******
2024-10-17 21:10:48 WARN  MyAccountPage:24 - My Account element was not found: no such element: Unable to locate element: {"method":"xpath","selector":"//h2[text()='My Account']"}
  (Session info: chrome=130.0.6723.58)
For documentation on this error, please visit: https://www.selenium.dev/documentation/webdriver/troubleshooting/errors#no-such-element-exception
Build info: version: '4.20.0', revision: '866c76ca80'
System info: os.name: 'Windows 11', os.arch: 'amd64', os.version: '10.0', java.version: '21.0.2'
Driver info: org.openqa.selenium.chrome.ChromeDriver
Command: [0d4bc7cbd3b18c0eea64a6c3448a650a, findElement {using=xpath, value=//h2[text()='My Account']}]
Capabilities {acceptInsecureCerts: false, browserName: chrome, browserVersion: 130.0.6723.58, chrome: {chromedriverVersion: 130.0.6723.58 (3a50e012e4c9..., userDataDir: C:\Users\SANGRA~1.MAG\AppDa...}, fedcm:accounts: true, goog:chromeOptions: {debuggerAddress: localhost:56274}, networkConnectionEnabled: false, pageLoadStrategy: normal, platformName: windows, proxy: Proxy(), se:cdp: ws://localhost:56274/devtoo..., se:cdpVersion: 130.0.6723.58, setWindowRect: true, strictFileInteractability: false, timeouts: {implicit: 0, pageLoad: 300000, script: 30000}, unhandledPromptBehavior: dismiss and notify, webauthn:extension:credBlob: true, webauthn:extension:largeBlob: true, webauthn:extension:minPinLength: true, webauthn:extension:prf: true, webauthn:virtualAuthenticators: true}
Session ID: 0d4bc7cbd3b18c0eea64a6c3448a650a
2024-10-17 21:10:51 INFO  login_DataDriven:64 - ***** Finished login_DataDriven ******
2024-10-17 21:10:51 INFO  login_DataDriven:22 - ***** stating login_DataDriven ******
2024-10-17 21:11:02 WARN  MyAccountPage:24 - My Account element was not found: no such element: Unable to locate element: {"method":"xpath","selector":"//h2[text()='My Account']"}
  (Session info: chrome=130.0.6723.58)
For documentation on this error, please visit: https://www.selenium.dev/documentation/webdriver/troubleshooting/errors#no-such-element-exception
Build info: version: '4.20.0', revision: '866c76ca80'
System info: os.name: 'Windows 11', os.arch: 'amd64', os.version: '10.0', java.version: '21.0.2'
Driver info: org.openqa.selenium.chrome.ChromeDriver
Command: [0d4bc7cbd3b18c0eea64a6c3448a650a, findElement {using=xpath, value=//h2[text()='My Account']}]
Capabilities {acceptInsecureCerts: false, browserName: chrome, browserVersion: 130.0.6723.58, chrome: {chromedriverVersion: 130.0.6723.58 (3a50e012e4c9..., userDataDir: C:\Users\SANGRA~1.MAG\AppDa...}, fedcm:accounts: true, goog:chromeOptions: {debuggerAddress: localhost:56274}, networkConnectionEnabled: false, pageLoadStrategy: normal, platformName: windows, proxy: Proxy(), se:cdp: ws://localhost:56274/devtoo..., se:cdpVersion: 130.0.6723.58, setWindowRect: true, strictFileInteractability: false, timeouts: {implicit: 0, pageLoad: 300000, script: 30000}, unhandledPromptBehavior: dismiss and notify, webauthn:extension:credBlob: true, webauthn:extension:largeBlob: true, webauthn:extension:minPinLength: true, webauthn:extension:prf: true, webauthn:virtualAuthenticators: true}
Session ID: 0d4bc7cbd3b18c0eea64a6c3448a650a
2024-10-17 21:11:05 INFO  login_DataDriven:64 - ***** Finished login_DataDriven ******
2024-10-17 21:11:05 INFO  login_DataDriven:22 - ***** stating login_DataDriven ******
2024-10-17 21:11:17 WARN  MyAccountPage:24 - My Account element was not found: no such element: Unable to locate element: {"method":"xpath","selector":"//h2[text()='My Account']"}
  (Session info: chrome=130.0.6723.58)
For documentation on this error, please visit: https://www.selenium.dev/documentation/webdriver/troubleshooting/errors#no-such-element-exception
Build info: version: '4.20.0', revision: '866c76ca80'
System info: os.name: 'Windows 11', os.arch: 'amd64', os.version: '10.0', java.version: '21.0.2'
Driver info: org.openqa.selenium.chrome.ChromeDriver
Command: [0d4bc7cbd3b18c0eea64a6c3448a650a, findElement {using=xpath, value=//h2[text()='My Account']}]
Capabilities {acceptInsecureCerts: false, browserName: chrome, browserVersion: 130.0.6723.58, chrome: {chromedriverVersion: 130.0.6723.58 (3a50e012e4c9..., userDataDir: C:\Users\SANGRA~1.MAG\AppDa...}, fedcm:accounts: true, goog:chromeOptions: {debuggerAddress: localhost:56274}, networkConnectionEnabled: false, pageLoadStrategy: normal, platformName: windows, proxy: Proxy(), se:cdp: ws://localhost:56274/devtoo..., se:cdpVersion: 130.0.6723.58, setWindowRect: true, strictFileInteractability: false, timeouts: {implicit: 0, pageLoad: 300000, script: 30000}, unhandledPromptBehavior: dismiss and notify, webauthn:extension:credBlob: true, webauthn:extension:largeBlob: true, webauthn:extension:minPinLength: true, webauthn:extension:prf: true, webauthn:virtualAuthenticators: true}
Session ID: 0d4bc7cbd3b18c0eea64a6c3448a650a
2024-10-17 21:11:20 INFO  login_DataDriven:64 - ***** Finished login_DataDriven ******
2024-10-17 21:14:17 INFO  Utils:112 - [TestNG] Running:
  C:\Users\sangram.magdum\Desktop\New folder\HybridFrameWork\openCart\grouping.xml

2024-10-17 21:14:21 INFO  TC001_LoginTest:19 - ******* Starting Login Test Case *******
2024-10-17 21:14:22 INFO  TC001_LoginTest:47 - ******* Finished Login Test Case *******
2024-10-17 21:14:25 INFO  TC_LF_002:18 - ******* Starting TC_LF_002 *******
2024-10-17 21:14:26 INFO  TC_LF_002:39 - ******* Ending TC_LF_002 *******
2024-10-17 21:14:30 INFO  TC_LF_003:19 - ******* Starting TC_LF_003 *******
2024-10-17 21:14:31 INFO  TC_LF_003:41 - ******* Finished TC_LF_003 *******
2024-10-17 21:14:34 INFO  TC_LF_004:18 - ******* Starting TC_LF_004 *******
2024-10-17 21:14:35 INFO  TC_LF_004:39 - ******* Finished TC_LF_004 *******
2024-10-17 21:14:39 INFO  TC_LF_005:18 - ******* Starting TC_LF_005 *******
2024-10-17 21:14:40 INFO  TC_LF_005:40 - ******* Finished TC_LF_005 *******
2024-10-17 21:14:45 INFO  TC_LF_006:19 - ******* Starting TC_LF_006 *******
2024-10-17 21:14:46 INFO  TC_LF_006:37 - ******* Finished TC_LF_006 *******
2024-10-17 21:14:50 INFO  TC_LF_007:23 - ******* Starting TC_LF_007 *******
2024-10-17 21:14:51 INFO  TC_LF_007:58 - ******* Finished TC_LF_007 *******
2024-10-17 21:14:55 INFO  TC_LF_008:19 - ******* Starting TC_LF_008 *******
2024-10-17 21:14:56 INFO  TC_LF_008:40 - ******* Finished TC_LF_008 *******
2024-10-17 22:59:47 INFO  Utils:112 - [TestNG] Running:
  C:\Users\sangram.magdum\Desktop\New folder\HybridFrameWork\openCart\grouping.xml

2024-10-17 23:00:01 INFO  TC001_LoginTest:19 - ******* Starting Login Test Case *******
2024-10-17 23:00:04 INFO  TC001_LoginTest:47 - ******* Finished Login Test Case *******
2024-10-17 23:00:09 INFO  TC_LF_002:18 - ******* Starting TC_LF_002 *******
2024-10-17 23:00:10 INFO  TC_LF_002:39 - ******* Ending TC_LF_002 *******
2024-10-17 23:00:14 INFO  TC_LF_003:18 - ******* Starting TC_LF_003 *******
2024-10-17 23:00:15 INFO  TC_LF_003:40 - ******* Finished TC_LF_003 *******
2024-10-17 23:00:19 INFO  TC_LF_004:18 - ******* Starting TC_LF_004 *******
2024-10-17 23:00:20 INFO  TC_LF_004:39 - ******* Finished TC_LF_004 *******
2024-10-17 23:00:25 INFO  TC_LF_005:18 - ******* Starting TC_LF_005 *******
2024-10-17 23:00:26 INFO  TC_LF_005:40 - ******* Finished TC_LF_005 *******
2024-10-17 23:00:30 INFO  TC_LF_006:19 - ******* Starting TC_LF_006 *******
2024-10-17 23:00:31 INFO  TC_LF_006:37 - ******* Finished TC_LF_006 *******
2024-10-17 23:00:35 INFO  TC_LF_007:23 - ******* Starting TC_LF_007 *******
2024-10-17 23:00:36 INFO  TC_LF_007:58 - ******* Finished TC_LF_007 *******
2024-10-17 23:00:40 INFO  TC_LF_008:18 - ******* Starting TC_LF_008 *******
2024-10-17 23:00:40 INFO  TC_LF_008:39 - ******* Finished TC_LF_008 *******
2024-10-17 23:03:13 INFO  Utils:112 - [TestNG] Running:
  C:\Users\sangram.magdum\Desktop\New folder\HybridFrameWork\openCart\grouping.xml

2024-10-17 23:03:21 INFO  TC001_LoginTest:19 - ******* Starting Login Test Case *******
2024-10-17 23:04:35 WARN  MyAccountPage:24 - My Account element was not found: no such element: Unable to locate element: {"method":"xpath","selector":"//h2[text()='My Account']"}
  (Session info: chrome=130.0.6723.58)
For documentation on this error, please visit: https://www.selenium.dev/documentation/webdriver/troubleshooting/errors#no-such-element-exception
Build info: version: '4.20.0', revision: '866c76ca80'
System info: os.name: 'Windows 11', os.arch: 'amd64', os.version: '10.0', java.version: '21.0.2'
Driver info: org.openqa.selenium.chrome.ChromeDriver
Command: [63670cb5d906652a3ccfb24ec441e59b, findElement {value=//h2[text()='My Account'], using=xpath}]
Capabilities {acceptInsecureCerts: false, browserName: chrome, browserVersion: 130.0.6723.58, chrome: {chromedriverVersion: 130.0.6723.58 (3a50e012e4c9..., userDataDir: C:\Users\SANGRA~1.MAG\AppDa...}, fedcm:accounts: true, goog:chromeOptions: {debuggerAddress: localhost:59190}, networkConnectionEnabled: false, pageLoadStrategy: normal, platformName: windows, proxy: Proxy(), se:cdp: ws://localhost:59190/devtoo..., se:cdpVersion: 130.0.6723.58, setWindowRect: true, strictFileInteractability: false, timeouts: {implicit: 0, pageLoad: 300000, script: 30000}, unhandledPromptBehavior: dismiss and notify, webauthn:extension:credBlob: true, webauthn:extension:largeBlob: true, webauthn:extension:minPinLength: true, webauthn:extension:prf: true, webauthn:virtualAuthenticators: true}
Session ID: 63670cb5d906652a3ccfb24ec441e59b
2024-10-17 23:04:40 INFO  TC_LF_002:18 - ******* Starting TC_LF_002 *******
2024-10-17 23:04:41 INFO  TC_LF_002:39 - ******* Ending TC_LF_002 *******
2024-10-17 23:04:45 INFO  TC_LF_003:18 - ******* Starting TC_LF_003 *******
2024-10-17 23:04:46 INFO  TC_LF_003:40 - ******* Finished TC_LF_003 *******
2024-10-17 23:04:51 INFO  TC_LF_004:18 - ******* Starting TC_LF_004 *******
2024-10-17 23:04:52 INFO  TC_LF_004:39 - ******* Finished TC_LF_004 *******
2024-10-17 23:04:56 INFO  TC_LF_005:18 - ******* Starting TC_LF_005 *******
2024-10-17 23:04:57 INFO  TC_LF_005:40 - ******* Finished TC_LF_005 *******
2024-10-17 23:05:01 INFO  TC_LF_006:19 - ******* Starting TC_LF_006 *******
2024-10-17 23:05:03 INFO  TC_LF_006:37 - ******* Finished TC_LF_006 *******
2024-10-17 23:05:07 INFO  TC_LF_007:23 - ******* Starting TC_LF_007 *******
2024-10-17 23:05:18 WARN  MyAccountPage:24 - My Account element was not found: no such element: Unable to locate element: {"method":"xpath","selector":"//h2[text()='My Account']"}
  (Session info: chrome=130.0.6723.58)
For documentation on this error, please visit: https://www.selenium.dev/documentation/webdriver/troubleshooting/errors#no-such-element-exception
Build info: version: '4.20.0', revision: '866c76ca80'
System info: os.name: 'Windows 11', os.arch: 'amd64', os.version: '10.0', java.version: '21.0.2'
Driver info: org.openqa.selenium.chrome.ChromeDriver
Command: [fc62990a73b21ef86f94eaa7208be8cf, findElement {value=//h2[text()='My Account'], using=xpath}]
Capabilities {acceptInsecureCerts: false, browserName: chrome, browserVersion: 130.0.6723.58, chrome: {chromedriverVersion: 130.0.6723.58 (3a50e012e4c9..., userDataDir: C:\Users\SANGRA~1.MAG\AppDa...}, fedcm:accounts: true, goog:chromeOptions: {debuggerAddress: localhost:65312}, networkConnectionEnabled: false, pageLoadStrategy: normal, platformName: windows, proxy: Proxy(), se:cdp: ws://localhost:65312/devtoo..., se:cdpVersion: 130.0.6723.58, setWindowRect: true, strictFileInteractability: false, timeouts: {implicit: 0, pageLoad: 300000, script: 30000}, unhandledPromptBehavior: dismiss and notify, webauthn:extension:credBlob: true, webauthn:extension:largeBlob: true, webauthn:extension:minPinLength: true, webauthn:extension:prf: true, webauthn:virtualAuthenticators: true}
Session ID: fc62990a73b21ef86f94eaa7208be8cf
2024-10-17 23:05:22 INFO  TC_LF_008:18 - ******* Starting TC_LF_008 *******
2024-10-17 23:05:23 INFO  TC_LF_008:39 - ******* Finished TC_LF_008 *******
2024-10-17 23:10:24 INFO  Utils:112 - [TestNG] Running:
  C:\Users\sangram.magdum\Desktop\New folder\HybridFrameWork\openCart\grouping.xml

2024-10-17 23:10:30 INFO  TC001_LoginTest:19 - ******* Starting Login Test Case *******
2024-10-17 23:11:43 WARN  MyAccountPage:24 - My Account element was not found: no such element: Unable to locate element: {"method":"xpath","selector":"//h2[text()='My Account']"}
  (Session info: chrome=130.0.6723.58)
For documentation on this error, please visit: https://www.selenium.dev/documentation/webdriver/troubleshooting/errors#no-such-element-exception
Build info: version: '4.20.0', revision: '866c76ca80'
System info: os.name: 'Windows 11', os.arch: 'amd64', os.version: '10.0', java.version: '21.0.2'
Driver info: org.openqa.selenium.chrome.ChromeDriver
Command: [d9a16b3c41b8bf84be799b0d397cd47f, findElement {using=xpath, value=//h2[text()='My Account']}]
Capabilities {acceptInsecureCerts: false, browserName: chrome, browserVersion: 130.0.6723.58, chrome: {chromedriverVersion: 130.0.6723.58 (3a50e012e4c9..., userDataDir: C:\Users\SANGRA~1.MAG\AppDa...}, fedcm:accounts: true, goog:chromeOptions: {debuggerAddress: localhost:65510}, networkConnectionEnabled: false, pageLoadStrategy: normal, platformName: windows, proxy: Proxy(), se:cdp: ws://localhost:65510/devtoo..., se:cdpVersion: 130.0.6723.58, setWindowRect: true, strictFileInteractability: false, timeouts: {implicit: 0, pageLoad: 300000, script: 30000}, unhandledPromptBehavior: dismiss and notify, webauthn:extension:credBlob: true, webauthn:extension:largeBlob: true, webauthn:extension:minPinLength: true, webauthn:extension:prf: true, webauthn:virtualAuthenticators: true}
Session ID: d9a16b3c41b8bf84be799b0d397cd47f
2024-10-17 23:11:48 INFO  TC_LF_002:18 - ******* Starting TC_LF_002 *******
2024-10-17 23:11:50 INFO  TC_LF_002:39 - ******* Ending TC_LF_002 *******
2024-10-17 23:11:54 INFO  TC_LF_003:18 - ******* Starting TC_LF_003 *******
2024-10-17 23:11:55 INFO  TC_LF_003:40 - ******* Finished TC_LF_003 *******
2024-10-17 23:11:59 INFO  TC_LF_004:18 - ******* Starting TC_LF_004 *******
2024-10-17 23:12:00 INFO  TC_LF_004:39 - ******* Finished TC_LF_004 *******
2024-10-17 23:12:04 INFO  TC_LF_005:18 - ******* Starting TC_LF_005 *******
2024-10-17 23:12:06 INFO  TC_LF_005:40 - ******* Finished TC_LF_005 *******
2024-10-17 23:12:10 INFO  TC_LF_006:19 - ******* Starting TC_LF_006 *******
2024-10-17 23:12:10 INFO  TC_LF_006:37 - ******* Finished TC_LF_006 *******
2024-10-17 23:12:15 INFO  TC_LF_007:23 - ******* Starting TC_LF_007 *******
2024-10-17 23:12:26 WARN  MyAccountPage:24 - My Account element was not found: no such element: Unable to locate element: {"method":"xpath","selector":"//h2[text()='My Account']"}
  (Session info: chrome=130.0.6723.58)
For documentation on this error, please visit: https://www.selenium.dev/documentation/webdriver/troubleshooting/errors#no-such-element-exception
Build info: version: '4.20.0', revision: '866c76ca80'
System info: os.name: 'Windows 11', os.arch: 'amd64', os.version: '10.0', java.version: '21.0.2'
Driver info: org.openqa.selenium.chrome.ChromeDriver
Command: [179771bec820e106eaf709eb4f9a6b69, findElement {using=xpath, value=//h2[text()='My Account']}]
Capabilities {acceptInsecureCerts: false, browserName: chrome, browserVersion: 130.0.6723.58, chrome: {chromedriverVersion: 130.0.6723.58 (3a50e012e4c9..., userDataDir: C:\Users\SANGRA~1.MAG\AppDa...}, fedcm:accounts: true, goog:chromeOptions: {debuggerAddress: localhost:49343}, networkConnectionEnabled: false, pageLoadStrategy: normal, platformName: windows, proxy: Proxy(), se:cdp: ws://localhost:49343/devtoo..., se:cdpVersion: 130.0.6723.58, setWindowRect: true, strictFileInteractability: false, timeouts: {implicit: 0, pageLoad: 300000, script: 30000}, unhandledPromptBehavior: dismiss and notify, webauthn:extension:credBlob: true, webauthn:extension:largeBlob: true, webauthn:extension:minPinLength: true, webauthn:extension:prf: true, webauthn:virtualAuthenticators: true}
Session ID: 179771bec820e106eaf709eb4f9a6b69
2024-10-17 23:12:30 INFO  TC_LF_008:18 - ******* Starting TC_LF_008 *******
2024-10-17 23:12:31 INFO  TC_LF_008:39 - ******* Finished TC_LF_008 *******
2024-10-17 23:13:22 INFO  Utils:112 - [TestNG] Running:
  C:\Users\sangram.magdum\Desktop\New folder\HybridFrameWork\openCart\grouping.xml

2024-10-17 23:13:30 INFO  TC001_LoginTest:19 - ******* Starting Login Test Case *******
2024-10-17 23:13:32 INFO  TC001_LoginTest:47 - ******* Finished Login Test Case *******
2024-10-17 23:13:36 INFO  TC_LF_002:18 - ******* Starting TC_LF_002 *******
2024-10-17 23:13:38 INFO  TC_LF_002:39 - ******* Ending TC_LF_002 *******
2024-10-17 23:13:42 INFO  TC_LF_003:18 - ******* Starting TC_LF_003 *******
2024-10-17 23:13:43 INFO  TC_LF_003:40 - ******* Finished TC_LF_003 *******
2024-10-17 23:13:47 INFO  TC_LF_004:18 - ******* Starting TC_LF_004 *******
2024-10-17 23:13:48 INFO  TC_LF_004:39 - ******* Finished TC_LF_004 *******
2024-10-17 23:13:52 INFO  TC_LF_005:18 - ******* Starting TC_LF_005 *******
2024-10-17 23:13:54 INFO  TC_LF_005:40 - ******* Finished TC_LF_005 *******
2024-10-17 23:13:57 INFO  TC_LF_006:19 - ******* Starting TC_LF_006 *******
2024-10-17 23:13:58 INFO  TC_LF_006:37 - ******* Finished TC_LF_006 *******
2024-10-17 23:14:02 INFO  TC_LF_007:23 - ******* Starting TC_LF_007 *******
2024-10-17 23:14:04 INFO  TC_LF_007:58 - ******* Finished TC_LF_007 *******
2024-10-17 23:14:08 INFO  TC_LF_008:18 - ******* Starting TC_LF_008 *******
2024-10-17 23:14:08 INFO  TC_LF_008:39 - ******* Finished TC_LF_008 *******
